#
# There is insufficient memory for the Java Runtime Environment to continue.
# Native memory allocation (malloc) failed to allocate 524288 bytes for Chunk::new
# Possible reasons:
#   The system is out of physical RAM or swap space
#   In 32 bit mode, the process size limit was hit
# Possible solutions:
#   Reduce memory load on the system
#   Increase physical memory or swap space
#   Check if swap backing store is full
#   Use 64 bit Java on a 64 bit OS
#   Decrease Java heap size (-Xmx/-Xms)
#   Decrease number of Java threads
#   Decrease Java thread stack sizes (-Xss)
#   Set larger code cache with -XX:ReservedCodeCacheSize=
# This output file may be truncated or incomplete.
#
#  Out of Memory Error (allocation.cpp:390), pid=19336, tid=0x0000000000003604
#
# JRE version: Java(TM) SE Runtime Environment (8.0_181-b13) (build 1.8.0_181-b13)
# Java VM: Java HotSpot(TM) 64-Bit Server VM (25.181-b13 mixed mode windows-amd64 compressed oops)
# Failed to write core dump. Minidumps are not enabled by default on client versions of Windows
#

---------------  T H R E A D  ---------------

Current thread (0x0000000018fda000):  JavaThread "C2 CompilerThread1" daemon [_thread_in_native, id=13828, stack(0x00000000193c0000,0x00000000194c0000)]

Stack: [0x00000000193c0000,0x00000000194c0000]
[error occurred during error reporting (printing stack bounds), id 0xc0000005]

Native frames: (J=compiled Java code, j=interpreted, Vv=VM code, C=native code)


Current CompileTask:
C2:   4331 1295   !   4       java.net.URL::<init> (543 bytes)


---------------  P R O C E S S  ---------------

Java Threads: ( => current thread )
  0x0000000019b1b000 JavaThread "background-preinit" [_thread_in_vm, id=15472, stack(0x000000001a100000,0x000000001a200000)]
  0x00000000190ad800 JavaThread "Service Thread" daemon [_thread_blocked, id=21476, stack(0x00000000195c0000,0x00000000196c0000)]
  0x000000001902b000 JavaThread "C1 CompilerThread2" daemon [_thread_blocked, id=11236, stack(0x00000000194c0000,0x00000000195c0000)]
=>0x0000000018fda000 JavaThread "C2 CompilerThread1" daemon [_thread_in_native, id=13828, stack(0x00000000193c0000,0x00000000194c0000)]
  0x0000000018fd7800 JavaThread "C2 CompilerThread0" daemon [_thread_blocked, id=3672, stack(0x00000000192c0000,0x00000000193c0000)]
  0x0000000018fcc800 JavaThread "Monitor Ctrl-Break" daemon [_thread_in_native, id=19436, stack(0x00000000191c0000,0x00000000192c0000)]
  0x0000000017781800 JavaThread "Attach Listener" daemon [_thread_blocked, id=13636, stack(0x0000000018cc0000,0x0000000018dc0000)]
  0x0000000017780800 JavaThread "Signal Dispatcher" daemon [_thread_blocked, id=20868, stack(0x0000000018bc0000,0x0000000018cc0000)]
  0x0000000017770800 JavaThread "Finalizer" daemon [_thread_blocked, id=14880, stack(0x00000000189d0000,0x0000000018ad0000)]
  0x0000000017749000 JavaThread "Reference Handler" daemon [_thread_blocked, id=14780, stack(0x00000000188d0000,0x00000000189d0000)]
  0x0000000002b57000 JavaThread "main" [_thread_in_vm, id=17548, stack(0x0000000002900000,0x0000000002a00000)]

Other Threads:
  0x0000000017748000 VMThread [stack: 0x00000000187d0000,0x00000000188d0000] [id=18828]
  0x00000000190d1000 WatcherThread [stack: 0x00000000196c0000,0x00000000197c0000] [id=5988]

VM state:not at safepoint (normal execution)

VM Mutex/Monitor currently owned by a thread: None

Heap:
 PSYoungGen      total 38400K, used 17139K [0x00000000d5f00000, 0x00000000d8980000, 0x0000000100000000)
  eden space 33280K, 36% used [0x00000000d5f00000,0x00000000d6ac0da0,0x00000000d7f80000)
  from space 5120K, 99% used [0x00000000d7f80000,0x00000000d847be60,0x00000000d8480000)
  to   space 5120K, 0% used [0x00000000d8480000,0x00000000d8480000,0x00000000d8980000)
 ParOldGen       total 87552K, used 1766K [0x0000000081c00000, 0x0000000087180000, 0x00000000d5f00000)
  object space 87552K, 2% used [0x0000000081c00000,0x0000000081db9980,0x0000000087180000)
 Metaspace       used 18382K, capacity 18860K, committed 19200K, reserved 1067008K
  class space    used 2346K, capacity 2487K, committed 2560K, reserved 1048576K

Card table byte_map: [0x0000000012010000,0x0000000012410000] byte_map_base: 0x0000000011c02000

Marking Bits: (ParMarkBitMap*) 0x0000000063f42d00
 Begin Bits: [0x0000000012ac0000, 0x0000000014a50000)
 End Bits:   [0x0000000014a50000, 0x00000000169e0000)

Polling page: 0x0000000000b70000

CodeCache: size=245760Kb used=4438Kb max_used=4438Kb free=241321Kb
 bounds [0x0000000002c50000, 0x00000000030b0000, 0x0000000011c50000]
 total_blobs=1678 nmethods=1320 adapters=271
 compilation: enabled

Compilation events (10 events):
Event: 4.204 Thread 0x000000001902b000 1317       3       java.util.regex.Pattern$LastNode::match (45 bytes)
Event: 4.204 Thread 0x000000001902b000 nmethod 1317 0x00000000030a2f90 code [0x00000000030a3100, 0x00000000030a3330]
Event: 4.210 Thread 0x000000001902b000 1318       3       java.util.LinkedList$ListItr::next (56 bytes)
Event: 4.211 Thread 0x000000001902b000 nmethod 1318 0x00000000030a26d0 code [0x00000000030a2880, 0x00000000030a2d78]
Event: 4.317 Thread 0x000000001902b000 1319       1       java.lang.String::toString (2 bytes)
Event: 4.318 Thread 0x000000001902b000 nmethod 1319 0x00000000030a21d0 code [0x00000000030a2320, 0x00000000030a2430]
Event: 4.318 Thread 0x000000001902b000 1320       3       sun.nio.fs.WindowsPathParser::isSlash (18 bytes)
Event: 4.318 Thread 0x000000001902b000 nmethod 1320 0x00000000030a1dd0 code [0x00000000030a1f20, 0x00000000030a20f0]
Event: 4.318 Thread 0x000000001902b000 1321       3       sun.nio.fs.WindowsPathParser::isInvalidPathChar (22 bytes)
Event: 4.318 Thread 0x000000001902b000 nmethod 1321 0x00000000030a4e50 code [0x00000000030a4fc0, 0x00000000030a5328]

GC Heap History (6 events):
Event: 2.574 GC heap before
{Heap before GC invocations=1 (full 0):
 PSYoungGen      total 38400K, used 33280K [0x00000000d5f00000, 0x00000000d8980000, 0x0000000100000000)
  eden space 33280K, 100% used [0x00000000d5f00000,0x00000000d7f80000,0x00000000d7f80000)
  from space 5120K, 0% used [0x00000000d8480000,0x00000000d8480000,0x00000000d8980000)
  to   space 5120K, 0% used [0x00000000d7f80000,0x00000000d7f80000,0x00000000d8480000)
 ParOldGen       total 87552K, used 0K [0x0000000081c00000, 0x0000000087180000, 0x00000000d5f00000)
  object space 87552K, 0% used [0x0000000081c00000,0x0000000081c00000,0x0000000087180000)
 Metaspace       used 9638K, capacity 9804K, committed 9984K, reserved 1058816K
  class space    used 1121K, capacity 1180K, committed 1280K, reserved 1048576K
Event: 2.585 GC heap after
Heap after GC invocations=1 (full 0):
 PSYoungGen      total 38400K, used 4365K [0x00000000d5f00000, 0x00000000d8980000, 0x0000000100000000)
  eden space 33280K, 0% used [0x00000000d5f00000,0x00000000d5f00000,0x00000000d7f80000)
  from space 5120K, 85% used [0x00000000d7f80000,0x00000000d83c3790,0x00000000d8480000)
  to   space 5120K, 0% used [0x00000000d8480000,0x00000000d8480000,0x00000000d8980000)
 ParOldGen       total 87552K, used 8K [0x0000000081c00000, 0x0000000087180000, 0x00000000d5f00000)
  object space 87552K, 0% used [0x0000000081c00000,0x0000000081c02000,0x0000000087180000)
 Metaspace       used 9638K, capacity 9804K, committed 9984K, reserved 1058816K
  class space    used 1121K, capacity 1180K, committed 1280K, reserved 1048576K
}
Event: 3.164 GC heap before
{Heap before GC invocations=2 (full 0):
 PSYoungGen      total 38400K, used 37645K [0x00000000d5f00000, 0x00000000d8980000, 0x0000000100000000)
  eden space 33280K, 100% used [0x00000000d5f00000,0x00000000d7f80000,0x00000000d7f80000)
  from space 5120K, 85% used [0x00000000d7f80000,0x00000000d83c3790,0x00000000d8480000)
  to   space 5120K, 0% used [0x00000000d8480000,0x00000000d8480000,0x00000000d8980000)
 ParOldGen       total 87552K, used 8K [0x0000000081c00000, 0x0000000087180000, 0x00000000d5f00000)
  object space 87552K, 0% used [0x0000000081c00000,0x0000000081c02000,0x0000000087180000)
 Metaspace       used 13211K, capacity 13566K, committed 13696K, reserved 1060864K
  class space    used 1702K, capacity 1794K, committed 1920K, reserved 1048576K
Event: 3.175 GC heap after
Heap after GC invocations=2 (full 0):
 PSYoungGen      total 38400K, used 5103K [0x00000000d5f00000, 0x00000000d8980000, 0x0000000100000000)
  eden space 33280K, 0% used [0x00000000d5f00000,0x00000000d5f00000,0x00000000d7f80000)
  from space 5120K, 99% used [0x00000000d8480000,0x00000000d897bcc8,0x00000000d8980000)
  to   space 5120K, 0% used [0x00000000d7f80000,0x00000000d7f80000,0x00000000d8480000)
 ParOldGen       total 87552K, used 110K [0x0000000081c00000, 0x0000000087180000, 0x00000000d5f00000)
  object space 87552K, 0% used [0x0000000081c00000,0x0000000081c1b818,0x0000000087180000)
 Metaspace       used 13211K, capacity 13566K, committed 13696K, reserved 1060864K
  class space    used 1702K, capacity 1794K, committed 1920K, reserved 1048576K
}
Event: 3.929 GC heap before
{Heap before GC invocations=3 (full 0):
 PSYoungGen      total 38400K, used 38383K [0x00000000d5f00000, 0x00000000d8980000, 0x0000000100000000)
  eden space 33280K, 100% used [0x00000000d5f00000,0x00000000d7f80000,0x00000000d7f80000)
  from space 5120K, 99% used [0x00000000d8480000,0x00000000d897bcc8,0x00000000d8980000)
  to   space 5120K, 0% used [0x00000000d7f80000,0x00000000d7f80000,0x00000000d8480000)
 ParOldGen       total 87552K, used 110K [0x0000000081c00000, 0x0000000087180000, 0x00000000d5f00000)
  object space 87552K, 0% used [0x0000000081c00000,0x0000000081c1b818,0x0000000087180000)
 Metaspace       used 16721K, capacity 17214K, committed 17536K, reserved 1064960K
  class space    used 2180K, capacity 2322K, committed 2432K, reserved 1048576K
Event: 3.950 GC heap after
Heap after GC invocations=3 (full 0):
 PSYoungGen      total 38400K, used 5103K [0x00000000d5f00000, 0x00000000d8980000, 0x0000000100000000)
  eden space 33280K, 0% used [0x00000000d5f00000,0x00000000d5f00000,0x00000000d7f80000)
  from space 5120K, 99% used [0x00000000d7f80000,0x00000000d847be60,0x00000000d8480000)
  to   space 5120K, 0% used [0x00000000d8480000,0x00000000d8480000,0x00000000d8980000)
 ParOldGen       total 87552K, used 1766K [0x0000000081c00000, 0x0000000087180000, 0x00000000d5f00000)
  object space 87552K, 2% used [0x0000000081c00000,0x0000000081db9980,0x0000000087180000)
 Metaspace       used 16721K, capacity 17214K, committed 17536K, reserved 1064960K
  class space    used 2180K, capacity 2322K, committed 2432K, reserved 1048576K
}

Deoptimization events (10 events):
Event: 2.099 Thread 0x0000000002b57000 Uncommon trap: reason=unstable_if action=reinterpret pc=0x0000000002dc26e0 method=java.lang.String.indexOf([CII[CIII)I @ 3
Event: 2.199 Thread 0x0000000019b1b000 Uncommon trap: reason=range_check action=make_not_entrant pc=0x0000000002ee8fa0 method=sun.reflect.generics.parser.SignatureParser.current()C @ 34
Event: 2.709 Thread 0x0000000002b57000 Uncommon trap: reason=unstable_if action=reinterpret pc=0x0000000002ef9368 method=java.util.HashMap.hash(Ljava/lang/Object;)I @ 1
Event: 2.778 Thread 0x0000000019b1b000 Uncommon trap: reason=unstable_if action=reinterpret pc=0x0000000002e88774 method=sun.misc.MetaIndex.mayContain(Ljava/lang/String;)Z @ 38
Event: 3.035 Thread 0x0000000002b57000 Uncommon trap: reason=unstable_if action=reinterpret pc=0x0000000002fce59c method=java.net.URL.<init>(Ljava/net/URL;Ljava/lang/String;Ljava/net/URLStreamHandler;)V @ 347
Event: 3.287 Thread 0x0000000002b57000 Uncommon trap: reason=unstable_if action=reinterpret pc=0x0000000002eebd88 method=java.util.HashMap.getNode(ILjava/lang/Object;)Ljava/util/HashMap$Node; @ 129
Event: 3.287 Thread 0x0000000002b57000 Uncommon trap: reason=unstable_if action=reinterpret pc=0x0000000002ff63d4 method=java.util.HashMap.putVal(ILjava/lang/Object;Ljava/lang/Object;ZZ)Ljava/lang/Object; @ 193
Event: 3.287 Thread 0x0000000002b57000 Uncommon trap: reason=unstable_if action=reinterpret pc=0x0000000002ede93c method=java.util.HashMap.getNode(ILjava/lang/Object;)Ljava/util/HashMap$Node; @ 129
Event: 3.663 Thread 0x0000000019b1b000 Uncommon trap: reason=unstable_if action=reinterpret pc=0x0000000002ff854c method=java.util.HashMap.putVal(ILjava/lang/Object;Ljava/lang/Object;ZZ)Ljava/lang/Object; @ 193
Event: 4.104 Thread 0x0000000002b57000 Uncommon trap: reason=unstable_if action=reinterpret pc=0x0000000002eb573c method=java.io.WinNTFileSystem.normalize(Ljava/lang/String;)Ljava/lang/String; @ 128

Classes redefined (0 events):
No events

Internal exceptions (10 events):
Event: 3.958 Thread 0x0000000002b57000 Exception <a 'java/lang/ClassNotFoundException': org/springframework/beans/factory/config/BeanFactoryPostProcessorCustomizer> (0x00000000d5f5b250) thrown at [C:\re\workspace\8-2-build-windows-amd64-cygwin\jdk8u181\11358\hotspot\src\share\vm\classfile\syst
Event: 3.959 Thread 0x0000000002b57000 Exception <a 'java/lang/ClassNotFoundException': org/springframework/core/PriorityOrderedCustomizer> (0x00000000d5f6bcc0) thrown at [C:\re\workspace\8-2-build-windows-amd64-cygwin\jdk8u181\11358\hotspot\src\share\vm\classfile\systemDictionary.cpp, line 21
Event: 3.960 Thread 0x0000000002b57000 Exception <a 'java/lang/ClassNotFoundException': org/springframework/core/OrderedCustomizer> (0x00000000d6039078) thrown at [C:\re\workspace\8-2-build-windows-amd64-cygwin\jdk8u181\11358\hotspot\src\share\vm\classfile\systemDictionary.cpp, line 210]
Event: 3.961 Thread 0x0000000002b57000 Exception <a 'java/lang/ClassNotFoundException': org/springframework/context/ResourceLoaderAwareCustomizer> (0x00000000d604b0a8) thrown at [C:\re\workspace\8-2-build-windows-amd64-cygwin\jdk8u181\11358\hotspot\src\share\vm\classfile\systemDictionary.cpp, 
Event: 3.961 Thread 0x0000000002b57000 Exception <a 'java/lang/ClassNotFoundException': org/springframework/beans/factory/AwareCustomizer> (0x00000000d605bd98) thrown at [C:\re\workspace\8-2-build-windows-amd64-cygwin\jdk8u181\11358\hotspot\src\share\vm\classfile\systemDictionary.cpp, line 210
Event: 3.987 Thread 0x0000000002b57000 Exception <a 'java/lang/ClassNotFoundException': org/springframework/beans/factory/BeanClassLoaderAwareCustomizer> (0x00000000d606e798) thrown at [C:\re\workspace\8-2-build-windows-amd64-cygwin\jdk8u181\11358\hotspot\src\share\vm\classfile\systemDictionar
Event: 3.988 Thread 0x0000000002b57000 Exception <a 'java/lang/ClassNotFoundException': org/springframework/beans/factory/AwareCustomizer> (0x00000000d607f4a0) thrown at [C:\re\workspace\8-2-build-windows-amd64-cygwin\jdk8u181\11358\hotspot\src\share\vm\classfile\systemDictionary.cpp, line 210
Event: 3.989 Thread 0x0000000002b57000 Exception <a 'java/lang/ClassNotFoundException': org/springframework/context/EnvironmentAwareCustomizer> (0x00000000d608ff40) thrown at [C:\re\workspace\8-2-build-windows-amd64-cygwin\jdk8u181\11358\hotspot\src\share\vm\classfile\systemDictionary.cpp, lin
Event: 3.992 Thread 0x0000000002b57000 Exception <a 'java/lang/ClassNotFoundException': org/springframework/beans/factory/AwareCustomizer> (0x00000000d60a0ba8) thrown at [C:\re\workspace\8-2-build-windows-amd64-cygwin\jdk8u181\11358\hotspot\src\share\vm\classfile\systemDictionary.cpp, line 210
Event: 4.144 Thread 0x0000000002b57000 Exception <a 'java/lang/NoSuchMethodError': java.lang.Object.lambda$comparing$77a9974f$1(Ljava/util/function/Function;Ljava/lang/Object;Ljava/lang/Object;)I> (0x00000000d659ee18) thrown at [C:\re\workspace\8-2-build-windows-amd64-cygwin\jdk8u181\11358\hot

Events (10 events):
Event: 4.325 loading class sun/nio/fs/WindowsChannelFactory$Flags done
Event: 4.325 loading class sun/nio/fs/WindowsNativeDispatcher
Event: 4.326 loading class sun/nio/fs/WindowsNativeDispatcher done
Event: 4.326 loading class sun/nio/fs/WindowsNativeDispatcher$1
Event: 4.326 loading class sun/nio/fs/WindowsNativeDispatcher$1 done
Event: 4.327 loading class sun/nio/fs/WindowsNativeDispatcher$FirstFile
Event: 4.328 loading class sun/nio/fs/WindowsNativeDispatcher$FirstFile done
Event: 4.328 loading class sun/nio/fs/WindowsNativeDispatcher$FirstStream
Event: 4.328 loading class sun/nio/fs/WindowsNativeDispatcher$FirstStream done
Event: 4.328 loading class sun/nio/fs/WindowsNativeDispatcher$VolumeInformation


Dynamic libraries:
0x00007ff75b3f0000 - 0x00007ff75b427000 	C:\Program Files\Java\jdk1.8.0_181\bin\java.exe
0x00007ffcb3630000 - 0x00007ffcb3811000 	C:\Windows\SYSTEM32\ntdll.dll
0x00007ffcb17b0000 - 0x00007ffcb1862000 	C:\Windows\System32\KERNEL32.DLL
0x00007ffcafc50000 - 0x00007ffcafec3000 	C:\Windows\System32\KERNELBASE.dll
0x00007ffcb3480000 - 0x00007ffcb3521000 	C:\Windows\System32\ADVAPI32.dll
0x00007ffcb3290000 - 0x00007ffcb332e000 	C:\Windows\System32\msvcrt.dll
0x00007ffcb3420000 - 0x00007ffcb347b000 	C:\Windows\System32\sechost.dll
0x00007ffcb30c0000 - 0x00007ffcb31e4000 	C:\Windows\System32\RPCRT4.dll
0x00007ffcb1870000 - 0x00007ffcb1a00000 	C:\Windows\System32\USER32.dll
0x00007ffcb0780000 - 0x00007ffcb07a0000 	C:\Windows\System32\win32u.dll
0x00007ffcb2fc0000 - 0x00007ffcb2fe8000 	C:\Windows\System32\GDI32.dll
0x00007ffcb05e0000 - 0x00007ffcb0772000 	C:\Windows\System32\gdi32full.dll
0x00007ffcafa00000 - 0x00007ffcafa9f000 	C:\Windows\System32\msvcp_win.dll
0x00007ffcafaf0000 - 0x00007ffcafbe8000 	C:\Windows\System32\ucrtbase.dll
0x00007ffca0d40000 - 0x00007ffca0fa9000 	C:\Windows\WinSxS\amd64_microsoft.windows.common-controls_6595b64144ccf1df_6.0.17134.648_none_fb45a0e93062a6d2\COMCTL32.dll
0x00007ffcb0e70000 - 0x00007ffcb1192000 	C:\Windows\System32\combase.dll
0x00007ffcb0850000 - 0x00007ffcb08ca000 	C:\Windows\System32\bcryptPrimitives.dll
0x00007ffcb0ac0000 - 0x00007ffcb0aed000 	C:\Windows\System32\IMM32.DLL
0x0000000063fd0000 - 0x00000000640a2000 	C:\Program Files\Java\jdk1.8.0_181\jre\bin\msvcr100.dll
0x0000000063720000 - 0x0000000063fc2000 	C:\Program Files\Java\jdk1.8.0_181\jre\bin\server\jvm.dll
0x00007ffcb0c10000 - 0x00007ffcb0c18000 	C:\Windows\System32\PSAPI.DLL
0x00007ffcaba50000 - 0x00007ffcaba59000 	C:\Windows\SYSTEM32\WSOCK32.dll
0x00007ffcb3530000 - 0x00007ffcb359c000 	C:\Windows\System32\WS2_32.dll
0x00007ffcab9f0000 - 0x00007ffcaba13000 	C:\Windows\SYSTEM32\WINMM.dll
0x00007ffca2b40000 - 0x00007ffca2b4a000 	C:\Windows\SYSTEM32\VERSION.dll
0x00007ffcab9c0000 - 0x00007ffcab9ea000 	C:\Windows\SYSTEM32\WINMMBASE.dll
0x00007ffcafaa0000 - 0x00007ffcafae9000 	C:\Windows\System32\cfgmgr32.dll
0x0000000063710000 - 0x000000006371f000 	C:\Program Files\Java\jdk1.8.0_181\jre\bin\verify.dll
0x00000000636e0000 - 0x0000000063709000 	C:\Program Files\Java\jdk1.8.0_181\jre\bin\java.dll
0x0000000063220000 - 0x0000000063243000 	C:\Program Files\Java\jdk1.8.0_181\jre\bin\instrument.dll
0x00000000636c0000 - 0x00000000636d6000 	C:\Program Files\Java\jdk1.8.0_181\jre\bin\zip.dll
0x00007ffcb1b80000 - 0x00007ffcb2fc0000 	C:\Windows\System32\SHELL32.dll
0x00007ffcb0c20000 - 0x00007ffcb0cc9000 	C:\Windows\System32\shcore.dll
0x00007ffcafed0000 - 0x00007ffcb05dd000 	C:\Windows\System32\windows.storage.dll
0x00007ffcb35a0000 - 0x00007ffcb35f1000 	C:\Windows\System32\shlwapi.dll
0x00007ffcaf990000 - 0x00007ffcaf9a1000 	C:\Windows\System32\kernel.appcore.dll
0x00007ffcaf970000 - 0x00007ffcaf98f000 	C:\Windows\System32\profapi.dll
0x00007ffcaf9b0000 - 0x00007ffcaf9fc000 	C:\Windows\System32\powrprof.dll
0x00007ffcaf940000 - 0x00007ffcaf94a000 	C:\Windows\System32\FLTLIB.DLL
0x00007ffc97f30000 - 0x00007ffc97f4a000 	C:\Program Files\JetBrains\IntelliJ IDEA Community Edition 2018.2.4\bin\breakgen64.dll
0x00000000636a0000 - 0x00000000636ba000 	C:\Program Files\Java\jdk1.8.0_181\jre\bin\net.dll
0x00007ffcaf1c0000 - 0x00007ffcaf226000 	C:\Windows\system32\mswsock.dll
0x0000000063210000 - 0x000000006321d000 	C:\Program Files\Java\jdk1.8.0_181\jre\bin\management.dll
0x00007ffca0790000 - 0x00007ffca07a6000 	C:\Windows\system32\napinsp.dll
0x00007ffca0770000 - 0x00007ffca078a000 	C:\Windows\system32\pnrpnsp.dll
0x00007ffcabce0000 - 0x00007ffcabcf9000 	C:\Windows\system32\NLAapi.dll
0x00007ffcaef80000 - 0x00007ffcaf03e000 	C:\Windows\SYSTEM32\DNSAPI.dll
0x00007ffcb0c00000 - 0x00007ffcb0c08000 	C:\Windows\System32\NSI.dll
0x00007ffcaef40000 - 0x00007ffcaef78000 	C:\Windows\SYSTEM32\IPHLPAPI.DLL
0x00007ffca0570000 - 0x00007ffca057e000 	C:\Windows\System32\winrnr.dll
0x00007ffca0750000 - 0x00007ffca0765000 	C:\Windows\System32\wshbth.dll
0x00007ffca4f20000 - 0x00007ffca4f2a000 	C:\Windows\System32\rasadhlp.dll
0x00007ffca6190000 - 0x00007ffca6202000 	C:\Windows\System32\fwpuclnt.dll
0x00007ffcaf4a0000 - 0x00007ffcaf4c5000 	C:\Windows\SYSTEM32\bcrypt.dll
0x0000000063680000 - 0x0000000063691000 	C:\Program Files\Java\jdk1.8.0_181\jre\bin\nio.dll

VM Arguments:
jvm_args: -javaagent:C:\Program Files\JetBrains\IntelliJ IDEA Community Edition 2018.2.4\lib\idea_rt.jar=62768:C:\Program Files\JetBrains\IntelliJ IDEA Community Edition 2018.2.4\bin -Dfile.encoding=UTF-8 
java_command: com.shakyas.testcaptcha.TestCaptchaApplication
java_class_path (initial): C:\Program Files\Java\jdk1.8.0_181\jre\lib\charsets.jar;C:\Program Files\Java\jdk1.8.0_181\jre\lib\deploy.jar;C:\Program Files\Java\jdk1.8.0_181\jre\lib\ext\access-bridge-64.jar;C:\Program Files\Java\jdk1.8.0_181\jre\lib\ext\cldrdata.jar;C:\Program Files\Java\jdk1.8.0_181\jre\lib\ext\dnsns.jar;C:\Program Files\Java\jdk1.8.0_181\jre\lib\ext\jaccess.jar;C:\Program Files\Java\jdk1.8.0_181\jre\lib\ext\jfxrt.jar;C:\Program Files\Java\jdk1.8.0_181\jre\lib\ext\localedata.jar;C:\Program Files\Java\jdk1.8.0_181\jre\lib\ext\nashorn.jar;C:\Program Files\Java\jdk1.8.0_181\jre\lib\ext\sunec.jar;C:\Program Files\Java\jdk1.8.0_181\jre\lib\ext\sunjce_provider.jar;C:\Program Files\Java\jdk1.8.0_181\jre\lib\ext\sunmscapi.jar;C:\Program Files\Java\jdk1.8.0_181\jre\lib\ext\sunpkcs11.jar;C:\Program Files\Java\jdk1.8.0_181\jre\lib\ext\zipfs.jar;C:\Program Files\Java\jdk1.8.0_181\jre\lib\javaws.jar;C:\Program Files\Java\jdk1.8.0_181\jre\lib\jce.jar;C:\Program Files\Java\jdk1.8.0_181\jre\lib\jfr.jar;C:\Program Files\Java\jdk1.8.0_181\jre\lib\jfxswt.jar;C:\Program Files\Java\jdk1.8.0_181\jre\lib\jsse.jar;C:\Program Files\Java\jdk1.8.0_181\jre\lib\management-agent.jar;C:\Program Files\Java\jdk1.8.0_181\jre\lib\plugin.jar;C:\Program Files\Java\jdk1.8.0_181\jre\lib\resources.jar;C:\Program Files\Java\jdk1.8.0_181\jre\lib\rt.jar;D:\project\practice\recapcha\New folder\test-captcha\out\production\classes;D:\project\practice\recapcha\New folder\test-captcha\out\production\resources;C:\Users\lenovo\.gradle\caches\modules-2\files-2.1\com.captcha\botdetect-jsf12\4.0.beta3.5\cbd61396a046e28a4e07e1f207c5d16a448e2f87\botdetect-jsf12-4.0.beta3.5.jar;C:\Users\lenovo\.gradle\caches\modules-2\files-2.1\org.springframework.boot\spring-boot-starter-web\2.1.3.RELEASE\e65a0538c3075a0910e7273a9dbedb189761b1ae\spring-boot-starter-web-2.1.3.RELEASE.jar;C:\Users\lenovo\.gradle\caches\modules-2\files-2.1\com.captcha\botdetect-jsp20\4.0.beta3.5\9deeb179d9d0ebe76924162e3dc585946204368e\bo
Launcher Type: SUN_STANDARD

Environment Variables:
JAVA_HOME=C:\Program Files\Java\jdk1.8.0_181
PATH=C:\Program Files (x86)\Common Files\Oracle\Java\javapath;C:\Windows\system32;C:\Windows;C:\Windows\System32\Wbem;C:\Windows\System32\WindowsPowerShell\v1.0\;C:\Windows\System32\OpenSSH\;C:\Program Files\Java\jdk1.8.0_181\bin;C:\gradle\gradle-4.10.2\bin;C:\Program Files (x86)\GitExtensions\;C:\Program Files\nodejs\;C:\ProgramData\chocolatey\bin;C:\Users\lenovo\AppData\Local\Programs\Python\Python37;C:\Users\lenovo\AppData\Local\Programs\Python\Python37\Scripts;C:\Users\lenovo\AppData\Local\Microsoft\WindowsApps;C:\Users\lenovo\AppData\Local\Programs\Microsoft VS Code\bin;C:\Program Files\Java\jdk1.8.0_181\bin;C:\gradle\gradle-4.10.2\bin;C:\Users\lenovo\AppData\Roaming\npm;C:\Users\lenovo\AppData\Local\Programs\Python\Python37;C:\Users\lenovo\AppData\Local\Programs\Python\Python37\Scripts;
USERNAME=lenovo
OS=Windows_NT
PROCESSOR_IDENTIFIER=Intel64 Family 6 Model 61 Stepping 4, GenuineIntel



---------------  S Y S T E M  ---------------

OS: Windows 10.0 , 64 bit Build 17134 (10.0.17134.648)

CPU:total 4 (initial active 4) (2 cores per cpu, 2 threads per core) family 6 model 61 stepping 4, cmov, cx8, fxsr, mmx, sse, sse2, sse3, ssse3, sse4.1, sse4.2, popcnt, avx, avx2, aes, clmul, erms, 3dnowpref, lzcnt, ht, tsc, tscinvbit, bmi1, bmi2, adx

Memory: 4k page, physical 8272272k(500928k free), swap 27392140k(4120k free)

vm_info: Java HotSpot(TM) 64-Bit Server VM (25.181-b13) for windows-amd64 JRE (1.8.0_181-b13), built on Jul  7 2018 04:01:33 by "java_re" with MS VC++ 10.0 (VS2010)

time: Tue Mar 26 10:50:26 2019
elapsed time: 4 seconds (0d 0h 0m 4s)

